d:\project\c++\c++primer plus\c-primer-plus\c++ primer plus\c++ primer plus\debug\vc140.pdb
d:\project\c++\c++primer plus\c-primer-plus\c++ primer plus\c++ primer plus\debug\vc140.idb
d:\project\c++\c++primer plus\c-primer-plus\c++ primer plus\c++ primer plus\debug\main.obj
d:\project\c++\c++primer plus\c-primer-plus\c++ primer plus\c++ primer plus\debug\vc141.pdb
d:\project\c++\c++primer plus\c-primer-plus\c++ primer plus\c++ primer plus\debug\vc141.idb
d:\project\c++\c++primer plus\c-primer-plus\c++ primer plus\c++ primer plus\debug\firstref.obj
d:\project\c++\c++primer plus\c-primer-plus\c++ primer plus\c++ primer plus\debug\inline.obj
d:\project\c++\c++primer plus\c-primer-plus\c++ primer plus\c++ primer plus\debug\swaps.obj
d:\project\c++\c++primer plus\c-primer-plus\c++ primer plus\c++ primer plus\debug\strtref.obj
d:\project\c++\c++primer plus\c-primer-plus\c++ primer plus\c++ primer plus\debug\strquote.obj
d:\project\c++\c++primer plus\c-primer-plus\c++ primer plus\c++ primer plus\debug\support.obj
d:\project\c++\c++primer plus\c-primer-plus\c++ primer plus\c++ primer plus\debug\external.obj
d:\project\c++\c++primer plus\c-primer-plus\c++ primer plus\c++ primer plus\debug\stack.obj
d:\project\c++\c++primer plus\c-primer-plus\c++ primer plus\c++ primer plus\debug\stacker.obj
d:\project\c++\c++primer plus\c-primer-plus\c++ primer plus\debug\c++ primer plus.pdb
d:\project\c++\c++primer plus\c-primer-plus\c++ primer plus\c++ primer plus\debug\c++ primer plus.tlog\cl.command.1.tlog
d:\project\c++\c++primer plus\c-primer-plus\c++ primer plus\c++ primer plus\debug\c++ primer plus.tlog\cl.read.1.tlog
d:\project\c++\c++primer plus\c-primer-plus\c++ primer plus\c++ primer plus\debug\c++ primer plus.tlog\cl.write.1.tlog
d:\project\c++\c++primer plus\c-primer-plus\c++ primer plus\c++ primer plus\debug\c++ primer plus.tlog\link.38916-cvtres.read.1.tlog
d:\project\c++\c++primer plus\c-primer-plus\c++ primer plus\c++ primer plus\debug\c++ primer plus.tlog\link.38916-cvtres.write.1.tlog
d:\project\c++\c++primer plus\c-primer-plus\c++ primer plus\c++ primer plus\debug\c++ primer plus.tlog\link.38916-rc.read.1.tlog
d:\project\c++\c++primer plus\c-primer-plus\c++ primer plus\c++ primer plus\debug\c++ primer plus.tlog\link.38916-rc.write.1.tlog
d:\project\c++\c++primer plus\c-primer-plus\c++ primer plus\c++ primer plus\debug\c++ primer plus.tlog\link.38916.read.1.tlog
d:\project\c++\c++primer plus\c-primer-plus\c++ primer plus\c++ primer plus\debug\c++ primer plus.tlog\link.38916.write.1.tlog
d:\project\c++\c++primer plus\c-primer-plus\c++ primer plus\c++ primer plus\debug\c++ primer plus.tlog\link.command.1.tlog
d:\project\c++\c++primer plus\c-primer-plus\c++ primer plus\c++ primer plus\debug\c++ primer plus.tlog\link.read.1.tlog
d:\project\c++\c++primer plus\c-primer-plus\c++ primer plus\c++ primer plus\debug\c++ primer plus.tlog\link.write.1.tlog
